<?xml version="1.0" encoding="UTF-8"?>
<map>
  <tile x="155" y="106" z="7">
    <item id="1221"/>
  </tile>
  <tile x="121" y="128" z="7">
    <item id="1212"/>
  </tile>
  <tile x="143" y="27" z="7">
    <item id="1209"/>
  </tile>
  <tile x="180" y="31" z="7">
    <item id="1212"/>
  </tile>
  <tile x="182" y="32" z="7">
    <item id="1209"/>
  </tile>
  <tile x="182" y="38" z="7">
    <item id="1210"/>
  </tile>
  <tile x="176" y="32" z="6">
    <item id="1212"/>
  </tile>
  <tile x="173" y="53" z="7">
    <item id="1212"/>
  </tile>
  <tile x="176" y="56" z="7">
    <item id="1212"/>
  </tile>
  <tile x="181" y="104" z="7">
    <item id="1212"/>
  </tile>
  <tile x="171" y="101" z="7">
    <item id="1212"/>
  </tile>
  <tile x="176" y="96" z="7">
    <item id="1212"/>
  </tile>
  <tile x="185" y="96" z="7">
    <item id="1212"/>
  </tile>
  <tile x="186" y="101" z="7">
    <item id="1209"/>
  </tile>
  <tile x="185" y="106" z="7">
    <item id="1212"/>
  </tile>
  <tile x="205" y="59" z="5">
    <item id="1212"/>
  </tile>
  <tile x="200" y="51" z="6">
    <item id="1539"/>
  </tile>
  <tile x="204" y="58" z="6">
    <item id="1209"/>
  </tile>
  <tile x="206" y="56" z="6">
    <item id="1209"/>
  </tile>
  <tile x="204" y="44" z="7">
    <item id="1209"/>
  </tile>
  <tile x="204" y="49" z="7">
    <item id="1209"/>
  </tile>
  <tile x="204" y="54" z="7">
    <item id="1209"/>
  </tile>
  <tile x="204" y="58" z="7">
    <item id="1209"/>
  </tile>
  <tile x="205" y="42" z="7">
    <item id="1212"/>
  </tile>
  <tile x="205" y="61" z="7">
    <item id="1212"/>
  </tile>
  <tile x="206" y="44" z="7">
    <item id="1209"/>
  </tile>
  <tile x="206" y="49" z="7">
    <item id="1209"/>
  </tile>
  <tile x="206" y="54" z="7">
    <item id="1209"/>
  </tile>
  <tile x="206" y="58" z="7">
    <item id="1209"/>
  </tile>
  <tile x="95" y="30" z="6">
    <item id="1219"/>
  </tile>
  <tile x="97" y="34" z="6">
    <item id="1221"/>
  </tile>
  <tile x="99" y="26" z="6">
    <item id="1219"/>
  </tile>
  <tile x="107" y="26" z="6">
    <item id="1219"/>
  </tile>
  <tile x="110" y="34" z="6">
    <item id="1221"/>
  </tile>
  <tile x="111" y="30" z="6">
    <item id="1219"/>
  </tile>
  <tile x="95" y="30" z="7">
    <item id="1209"/>
  </tile>
  <tile x="97" y="34" z="7">
    <item id="1212"/>
  </tile>
  <tile x="98" y="26" z="7">
    <item id="1209"/>
  </tile>
  <tile x="98" y="31" z="7">
    <item id="1209"/>
  </tile>
  <tile x="103" y="29" z="7">
    <item id="1214"/>
  </tile>
  <tile x="108" y="26" z="7">
    <item id="1209"/>
  </tile>
  <tile x="108" y="31" z="7">
    <item id="1209"/>
  </tile>
  <tile x="110" y="34" z="7">
    <item id="1212"/>
  </tile>
  <tile x="111" y="30" z="7">
    <item id="1209"/>
  </tile>
  <tile x="157" y="33" z="7">
    <item id="1636"/>
  </tile>
  <tile x="164" y="37" z="7">
    <item id="1634"/>
  </tile>
  <tile x="158" y="59" z="7">
    <item id="1212"/>
  </tile>
  <tile x="153" y="59" z="7">
    <item id="1212"/>
  </tile>
  <tile x="148" y="59" z="7">
    <item id="1212"/>
  </tile>
  <tile x="158" y="59" z="6">
    <item id="1212"/>
  </tile>
  <tile x="159" y="65" z="6">
    <item id="1212"/>
  </tile>
  <tile x="153" y="59" z="6">
    <item id="1212"/>
  </tile>
  <tile x="154" y="65" z="6">
    <item id="1212"/>
  </tile>
  <tile x="148" y="59" z="6">
    <item id="1212"/>
  </tile>
  <tile x="149" y="65" z="6">
    <item id="1212"/>
  </tile>
  <tile x="143" y="46" z="7">
    <item id="1212"/>
  </tile>
  <tile x="144" y="42" z="6">
    <item id="1212"/>
  </tile>
  <tile x="145" y="49" z="6">
    <item id="1212"/>
  </tile>
  <tile x="164" y="31" z="6">
    <item id="1210"/>
  </tile>
  <tile x="166" y="33" z="6">
    <item id="1210"/>
  </tile>
  <tile x="165" y="36" z="6">
    <item id="1212"/>
  </tile>
  <tile x="164" y="31" z="5">
    <item id="1209"/>
  </tile>
  <tile x="167" y="31" z="5">
    <item id="1209"/>
  </tile>
  <tile x="168" y="34" z="5">
    <item id="1213"/>
  </tile>
  <tile x="129" y="62" z="7">
    <item id="1212"/>
  </tile>
  <tile x="132" y="62" z="6">
    <item id="1219"/>
  </tile>
  <tile x="141" y="35" z="7">
    <item id="1212"/>
  </tile>
  <tile x="148" y="29" z="7">
    <item id="1209"/>
  </tile>
  <tile x="148" y="32" z="7">
    <item id="1209"/>
  </tile>
  <tile x="103" y="61" z="7">
    <item id="1209"/>
  </tile>
  <tile x="100" y="67" z="7">
    <item id="1212"/>
  </tile>
  <tile x="104" y="65" z="7">
    <item id="1211"/>
  </tile>
  <tile x="111" y="66" z="7">
    <item id="1209"/>
  </tile>
  <tile x="110" y="69" z="7">
    <item id="1212"/>
  </tile>
  <tile x="102" y="73" z="7">
    <item id="1209"/>
  </tile>
  <tile x="77" y="30" z="7">
    <item id="1209"/>
  </tile>
  <tile x="82" y="28" z="7">
    <item id="1212"/>
  </tile>
  <tile x="87" y="27" z="7">
    <item id="1209"/>
  </tile>
  <tile x="87" y="34" z="7">
    <item id="1212"/>
  </tile>
  <tile x="122" y="66" z="7">
    <item id="1212"/>
  </tile>
  <tile x="118" y="70" z="7">
    <item id="6446"/>
  </tile>
  <tile x="119" y="70" z="7">
    <item id="1212"/>
  </tile>
  <tile x="182" y="42" z="7">
    <item id="1210"/>
  </tile>
  <tile x="114" y="179" z="7">
    <item id="1219"/>
  </tile>
  <tile x="114" y="185" z="7">
    <item id="1219"/>
  </tile>
  <tile x="113" y="202" z="7">
    <item id="1221"/>
  </tile>
  <tile x="121" y="202" z="7">
    <item id="1221"/>
  </tile>
  <tile x="126" y="190" z="7">
    <item id="1219"/>
  </tile>
  <tile x="136" y="187" z="7">
    <item id="1221"/>
  </tile>
  <tile x="141" y="187" z="7">
    <item id="1221"/>
  </tile>
  <tile x="152" y="186" z="7">
    <item id="1219"/>
  </tile>
  <tile x="156" y="186" z="7">
    <item id="1219"/>
  </tile>
  <tile x="145" y="46" z="5">
    <item id="1212"/>
  </tile>
  <tile x="145" y="51" z="5">
    <item id="1209"/>
  </tile>
  <tile x="146" y="53" z="5">
    <item id="1212"/>
  </tile>
  <tile x="228" y="88" z="6">
    <item id="1252"/>
  </tile>
  <tile x="228" y="84" z="7">
    <item id="1252"/>
  </tile>
  <tile x="241" y="86" z="6">
    <item id="1252"/>
  </tile>
  <tile x="241" y="82" z="7">
    <item id="1252"/>
  </tile>
  <tile x="269" y="71" z="6">
    <item id="1252"/>
  </tile>
  <tile x="268" y="66" z="7">
    <item id="1252"/>
  </tile>
  <tile x="277" y="70" z="6">
    <item id="1252"/>
  </tile>
  <tile x="275" y="66" z="7">
    <item id="1252"/>
  </tile>
  <tile x="291" y="67" z="6">
    <item id="1252"/>
  </tile>
  <tile x="293" y="65" z="6">
    <item id="1249"/>
  </tile>
  <tile x="296" y="62" z="6">
    <item id="1252"/>
  </tile>
  <tile x="310" y="70" z="6">
    <item id="1252"/>
  </tile>
  <tile x="325" y="77" z="6">
    <item id="1249"/>
  </tile>
  <tile x="329" y="78" z="7">
    <item id="1249"/>
  </tile>
  <tile x="320" y="121" z="6">
    <item id="1252"/>
  </tile>
  <tile x="309" y="114" z="6">
    <item id="1252"/>
  </tile>
  <tile x="309" y="118" z="7">
    <item id="1252"/>
  </tile>
  <tile x="303" y="115" z="6">
    <item id="1252"/>
  </tile>
  <tile x="302" y="119" z="7">
    <item id="1252"/>
  </tile>
  <tile x="291" y="115" z="6">
    <item id="1252"/>
  </tile>
  <tile x="291" y="119" z="7">
    <item id="1252"/>
  </tile>
  <tile x="243" y="119" z="6">
    <item id="1252"/>
  </tile>
  <tile x="226" y="115" z="6">
    <item id="1252"/>
  </tile>
  <tile x="226" y="119" z="7">
    <item id="1252"/>
  </tile>
  <tile x="296" y="103" z="5">
    <item id="1252"/>
  </tile>
  <tile x="270" y="104" z="5">
    <item id="1252"/>
  </tile>
  <tile x="270" y="108" z="6">
    <item id="1252"/>
  </tile>
  <tile x="244" y="109" z="5">
    <item id="1249"/>
  </tile>
</map>
